<?xml version="1.0" encoding="UTF-8"?>
<!-- Generated by org.testng.reporters.JUnitReportReporter -->
<testsuite hostname="ASUSx510u" failures="0" tests="1" name="testcases.BaseTestCase" time="0.010" errors="0" timestamp="12 May 2021 10:40:49 GMT" skipped="0">
  <testcase classname="testcases.BaseTestCase" name="test" time="0.010"/>
</testsuite> <!-- testcases.BaseTestCase -->
