<?xml version="1.0" encoding="UTF-8"?>
<!-- Generated by org.testng.reporters.JUnitReportReporter -->
<testsuite hostname="ASUSx510u" failures="0" tests="1" name="AutomationTestFirst.AndroidSampleTest" time="1.048" errors="0" timestamp="12 May 2021 14:11:44 GMT" skipped="0">
  <testcase classname="AutomationTestFirst.AndroidSampleTest" name="firstTest" time="1.048"/>
</testsuite> <!-- AutomationTestFirst.AndroidSampleTest -->
